# JRE version: Java(TM) SE Runtime Environment (8.0_60-b27) (build 1.8.0_60-b27)
# Java VM: Java HotSpot(TM) 64-Bit Server VM (25.60-b23 mixed mode windows-amd64 compressed oops)
Heap:
 PSYoungGen      total 58880K, used 47720K [0x00000000eab00000, 0x00000000f0800000, 0x0000000100000000)
  eden space 49152K, 77% used [0x00000000eab00000,0x00000000ed022090,0x00000000edb00000)
  from space 9728K, 99% used [0x00000000edb00000,0x00000000ee478288,0x00000000ee480000)
  to   space 11776K, 0% used [0x00000000efc80000,0x00000000efc80000,0x00000000f0800000)
 ParOldGen       total 60928K, used 9628K [0x00000000c0000000, 0x00000000c3b80000, 0x00000000eab00000)
  object space 60928K, 15% used [0x00000000c0000000,0x00000000c0967170,0x00000000c3b80000)
 Metaspace       used 30124K, capacity 31040K, committed 31232K, reserved 1075200K
  class space    used 4112K, capacity 4504K, committed 4608K, reserved 1048576K
GC Heap History (10 events):
Event: 5.519 GC heap before
{Heap before GC invocations=4 (full 0):
 PSYoungGen      total 37888K, used 28834K [0x00000000eab00000, 0x00000000ed500000, 0x0000000100000000)
  eden space 32768K, 72% used [0x00000000eab00000,0x00000000ec22c970,0x00000000ecb00000)
  from space 5120K, 99% used [0x00000000ecb00000,0x00000000ecffc030,0x00000000ed000000)
  to   space 5120K, 0% used [0x00000000ed000000,0x00000000ed000000,0x00000000ed500000)
 ParOldGen       total 86016K, used 5513K [0x00000000c0000000, 0x00000000c5400000, 0x00000000eab00000)
  object space 86016K, 6% used [0x00000000c0000000,0x00000000c0562658,0x00000000c5400000)
 Metaspace       used 20764K, capacity 21092K, committed 21296K, reserved 1067008K
  class space    used 2791K, capacity 2934K, committed 2944K, reserved 1048576K
Event: 5.533 GC heap after
Heap after GC invocations=4 (full 0):
 PSYoungGen      total 37888K, used 5104K [0x00000000eab00000, 0x00000000ef500000, 0x0000000100000000)
  eden space 32768K, 0% used [0x00000000eab00000,0x00000000eab00000,0x00000000ecb00000)
  from space 5120K, 99% used [0x00000000ed000000,0x00000000ed4fc030,0x00000000ed500000)
  to   space 5120K, 0% used [0x00000000ecb00000,0x00000000ecb00000,0x00000000ed000000)
 ParOldGen       total 86016K, used 8143K [0x00000000c0000000, 0x00000000c5400000, 0x00000000eab00000)
  object space 86016K, 9% used [0x00000000c0000000,0x00000000c07f3c18,0x00000000c5400000)
 Metaspace       used 20764K, capacity 21092K, committed 21296K, reserved 1067008K
  class space    used 2791K, capacity 2934K, committed 2944K, reserved 1048576K
}
Event: 5.533 GC heap before
{Heap before GC invocations=5 (full 1):
 PSYoungGen      total 37888K, used 5104K [0x00000000eab00000, 0x00000000ef500000, 0x0000000100000000)
  eden space 32768K, 0% used [0x00000000eab00000,0x00000000eab00000,0x00000000ecb00000)
  from space 5120K, 99% used [0x00000000ed000000,0x00000000ed4fc030,0x00000000ed500000)
  to   space 5120K, 0% used [0x00000000ecb00000,0x00000000ecb00000,0x00000000ed000000)
 ParOldGen       total 86016K, used 8143K [0x00000000c0000000, 0x00000000c5400000, 0x00000000eab00000)
  object space 86016K, 9% used [0x00000000c0000000,0x00000000c07f3c18,0x00000000c5400000)
 Metaspace       used 20764K, capacity 21092K, committed 21296K, reserved 1067008K
  class space    used 2791K, capacity 2934K, committed 2944K, reserved 1048576K
Event: 5.587 GC heap after
Heap after GC invocations=5 (full 1):
 PSYoungGen      total 37888K, used 0K [0x00000000eab00000, 0x00000000ef500000, 0x0000000100000000)
  eden space 32768K, 0% used [0x00000000eab00000,0x00000000eab00000,0x00000000ecb00000)
  from space 5120K, 0% used [0x00000000ed000000,0x00000000ed000000,0x00000000ed500000)
  to   space 5120K, 0% used [0x00000000ecb00000,0x00000000ecb00000,0x00000000ed000000)
 ParOldGen       total 60928K, used 7916K [0x00000000c0000000, 0x00000000c3b80000, 0x00000000eab00000)
  object space 60928K, 12% used [0x00000000c0000000,0x00000000c07bb078,0x00000000c3b80000)
 Metaspace       used 20764K, capacity 21092K, committed 21296K, reserved 1067008K
  class space    used 2791K, capacity 2934K, committed 2944K, reserved 1048576K
}
Event: 6.363 GC heap before
{Heap before GC invocations=6 (full 1):
 PSYoungGen      total 37888K, used 32768K [0x00000000eab00000, 0x00000000ef500000, 0x0000000100000000)
  eden space 32768K, 100% used [0x00000000eab00000,0x00000000ecb00000,0x00000000ecb00000)
  from space 5120K, 0% used [0x00000000ed000000,0x00000000ed000000,0x00000000ed500000)
  to   space 5120K, 0% used [0x00000000ecb00000,0x00000000ecb00000,0x00000000ed000000)
 ParOldGen       total 60928K, used 7916K [0x00000000c0000000, 0x00000000c3b80000, 0x00000000eab00000)
  object space 60928K, 12% used [0x00000000c0000000,0x00000000c07bb078,0x00000000c3b80000)
 Metaspace       used 22236K, capacity 22724K, committed 22912K, reserved 1069056K
  class space    used 2999K, capacity 3173K, committed 3200K, reserved 1048576K
Event: 6.370 GC heap after
Heap after GC invocations=6 (full 1):
 PSYoungGen      total 37888K, used 4409K [0x00000000eab00000, 0x00000000ef000000, 0x0000000100000000)
  eden space 32768K, 0% used [0x00000000eab00000,0x00000000eab00000,0x00000000ecb00000)
  from space 5120K, 86% used [0x00000000ecb00000,0x00000000ecf4e418,0x00000000ed000000)
  to   space 10240K, 0% used [0x00000000ee600000,0x00000000ee600000,0x00000000ef000000)
 ParOldGen       total 60928K, used 7924K [0x00000000c0000000, 0x00000000c3b80000, 0x00000000eab00000)
  object space 60928K, 13% used [0x00000000c0000000,0x00000000c07bd078,0x00000000c3b80000)
 Metaspace       used 22236K, capacity 22724K, committed 22912K, reserved 1069056K
  class space    used 2999K, capacity 3173K, committed 3200K, reserved 1048576K
}
Event: 7.211 GC heap before
{Heap before GC invocations=7 (full 1):
 PSYoungGen      total 37888K, used 37177K [0x00000000eab00000, 0x00000000ef000000, 0x0000000100000000)
  eden space 32768K, 100% used [0x00000000eab00000,0x00000000ecb00000,0x00000000ecb00000)
  from space 5120K, 86% used [0x00000000ecb00000,0x00000000ecf4e418,0x00000000ed000000)
  to   space 10240K, 0% used [0x00000000ee600000,0x00000000ee600000,0x00000000ef000000)
 ParOldGen       total 60928K, used 7924K [0x00000000c0000000, 0x00000000c3b80000, 0x00000000eab00000)
  object space 60928K, 13% used [0x00000000c0000000,0x00000000c07bd078,0x00000000c3b80000)
 Metaspace       used 25329K, capacity 25894K, committed 26240K, reserved 1071104K
  class space    used 3399K, capacity 3630K, committed 3712K, reserved 1048576K
Event: 7.217 GC heap after
Heap after GC invocations=7 (full 1):
 PSYoungGen      total 57344K, used 5880K [0x00000000eab00000, 0x00000000eee00000, 0x0000000100000000)
  eden space 49152K, 0% used [0x00000000eab00000,0x00000000eab00000,0x00000000edb00000)
  from space 8192K, 71% used [0x00000000ee600000,0x00000000eebbe130,0x00000000eee00000)
  to   space 9728K, 0% used [0x00000000edb00000,0x00000000edb00000,0x00000000ee480000)
 ParOldGen       total 60928K, used 7996K [0x00000000c0000000, 0x00000000c3b80000, 0x00000000eab00000)
  object space 60928K, 13% used [0x00000000c0000000,0x00000000c07cf088,0x00000000c3b80000)
 Metaspace       used 25329K, capacity 25894K, committed 26240K, reserved 1071104K
  class space    used 3399K, capacity 3630K, committed 3712K, reserved 1048576K
}
Event: 10.485 GC heap before
{Heap before GC invocations=8 (full 1):
 PSYoungGen      total 57344K, used 55032K [0x00000000eab00000, 0x00000000eee00000, 0x0000000100000000)
  eden space 49152K, 100% used [0x00000000eab00000,0x00000000edb00000,0x00000000edb00000)
  from space 8192K, 71% used [0x00000000ee600000,0x00000000eebbe130,0x00000000eee00000)
  to   space 9728K, 0% used [0x00000000edb00000,0x00000000edb00000,0x00000000ee480000)
 ParOldGen       total 60928K, used 7996K [0x00000000c0000000, 0x00000000c3b80000, 0x00000000eab00000)
  object space 60928K, 13% used [0x00000000c0000000,0x00000000c07cf088,0x00000000c3b80000)
 Metaspace       used 28745K, capacity 29594K, committed 29824K, reserved 1075200K
  class space    used 3869K, capacity 4170K, committed 4224K, reserved 1048576K
Event: 10.499 GC heap after
Heap after GC invocations=8 (full 1):
 PSYoungGen      total 58880K, used 9696K [0x00000000eab00000, 0x00000000f0800000, 0x0000000100000000)
  eden space 49152K, 0% used [0x00000000eab00000,0x00000000eab00000,0x00000000edb00000)
  from space 9728K, 99% used [0x00000000edb00000,0x00000000ee478288,0x00000000ee480000)
  to   space 11776K, 0% used [0x00000000efc80000,0x00000000efc80000,0x00000000f0800000)
 ParOldGen       total 60928K, used 9628K [0x00000000c0000000, 0x00000000c3b80000, 0x00000000eab00000)
  object space 60928K, 15% used [0x00000000c0000000,0x00000000c0967170,0x00000000c3b80000)
 Metaspace       used 28745K, capacity 29594K, committed 29824K, reserved 1075200K
  class space    used 3869K, capacity 4170K, committed 4224K, reserved 1048576K
}

